---
  0 debug pnpm:scope: 
    selected: 1
    workspacePrefix: null
  1 info pnpm: 
    message: "A store server is running. All store manipulations are delegated to it."
    prefix: "/app"
  2 debug pnpm:package-json: 
    initial: 
      name: "hello-express"
      version: "0.0.1"
      description: " v12 Boş Altyapı"
      main: "ares.js"
      scripts: 
        start: "node ares.js"
      dependencies: 
        canvas: "^2.7.0"
        chalk: "^4.1.1"
        common-tags: "^1.8.0"
        discord: "^0.8.2"
        discord-anti-spam-tr: "^0.7.4"
        discord-rpc: "^3.2.0"
        discord.js: "^12.5.3"
        express: "^4.17.1"
        fetch: "^1.1.0"
        fs: "^0.0.2"
        hastebin-gen: "^2.0.5"
        http: "^0.0.0"
        moment: "^2.29.1"
        moment-duration-format: "^2.3.2"
        ms: "^2.1.3"
        node-fetch: "^2.6.1"
        plasma-db: "^1.1.0"
        pretty-ms: "^7.0.1"
        quick.db: "^7.1.2"
        reason: "^3.3.4"
        request: "^2.88.2"
        tcmb-doviz: "^1.0.6"
        tr-antispam: "^0.0.9"
      engines: 
        node: "12.x"
      repository: 
        url: "https://glitch.com/edit/#!/hello-express"
      license: "MIT"
      keywords: 
        - "node"
        - "glitch"
        - "express"
      gitHead: "de734a9a25ed9258ba653ca5c0b0f33337ec6306"
      readme: "ERROR: No README data found!"
      _id: "hello-express@0.0.1"
    prefix: "/app"
  3 warn pnpm: 
    message: "Moving chalk that was installed by a different package manager to \"node_modules/.ignored"
    prefix: "/app"
  4 error pnpm: 
    message: 
      errno: -39
      code: "ENOTEMPTY"
      syscall: "rename"
      path: "/rbd/pnpm-volume/ceca07f9-d670-41ea-bcbb-67c9861077eb/node_modules/chalk"
      dest: "/rbd/pnpm-volume/ceca07f9-d670-41ea-bcbb-67c9861077eb/node_modules/.ignored/chalk"
    err: 
      name: "Error"
      message: "ENOTEMPTY: directory not empty, rename '/rbd/pnpm-volume/ceca07f9-d670-41ea-bcbb-67c9861077eb/node_modules/chalk' -> '/rbd/pnpm-volume/ceca07f9-d670-41ea-bcbb-67c9861077eb/node_modules/.ignored/chalk'"
      code: "ENOTEMPTY"
      stack: "Error: ENOTEMPTY: directory not empty, rename '/rbd/pnpm-volume/ceca07f9-d670-41ea-bcbb-67c9861077eb/node_modules/chalk' -> '/rbd/pnpm-volume/ceca07f9-d670-41ea-bcbb-67c9861077eb/node_modules/.ignored/chalk'"
